  OET-Demo.cpp
  Generating Code...
  Compiling...
  sdca.cpp
c:\users\blacklong617\documents\visual studio 2015\projects\oet-demo\oet-demo\sdca.cpp(294): warning C4305: '=': truncation from 'double' to 'float'
c:\users\blacklong617\documents\visual studio 2015\projects\oet-demo\oet-demo\sdca.cpp(323): warning C4305: '=': truncation from 'double' to 'float'
c:\users\blacklong617\documents\visual studio 2015\projects\oet-demo\oet-demo\sdca.cpp(374): warning C4305: 'initializing': truncation from 'double' to 'float'
c:\users\blacklong617\documents\visual studio 2015\projects\oet-demo\oet-demo\sdca.cpp(437): warning C4267: '=': conversion from 'size_t' to 'int', possible loss of data
c:\users\blacklong617\documents\visual studio 2015\projects\oet-demo\oet-demo\sdca.cpp(441): warning C4305: '=': truncation from 'double' to 'float'
c:\users\blacklong617\documents\visual studio 2015\projects\oet-demo\oet-demo\sdca.cpp(442): warning C4244: '=': conversion from 'double' to 'float', possible loss of data
c:\users\blacklong617\documents\visual studio 2015\projects\oet-demo\oet-demo\sdca.cpp(498): warning C4267: '=': conversion from 'size_t' to 'int', possible loss of data
c:\users\blacklong617\documents\visual studio 2015\projects\oet-demo\oet-demo\sdca.cpp(502): warning C4305: '=': truncation from 'double' to 'float'
c:\users\blacklong617\documents\visual studio 2015\projects\oet-demo\oet-demo\sdca.cpp(503): warning C4244: '=': conversion from 'double' to 'float', possible loss of data
c:\users\blacklong617\documents\visual studio 2015\projects\oet-demo\oet-demo\sdca.cpp(556): warning C4267: '=': conversion from 'size_t' to 'int', possible loss of data
c:\users\blacklong617\documents\visual studio 2015\projects\oet-demo\oet-demo\sdca.cpp(560): warning C4305: '=': truncation from 'double' to 'float'
c:\users\blacklong617\documents\visual studio 2015\projects\oet-demo\oet-demo\sdca.cpp(561): warning C4244: '=': conversion from 'double' to 'float', possible loss of data
c:\users\blacklong617\documents\visual studio 2015\projects\oet-demo\oet-demo\sdca.cpp(612): warning C4267: 'initializing': conversion from 'size_t' to 'int', possible loss of data
c:\users\blacklong617\documents\visual studio 2015\projects\oet-demo\oet-demo\sdca.cpp(707): warning C4244: 'argument': conversion from 'double' to 'unsigned __int64', possible loss of data
c:\users\blacklong617\documents\visual studio 2015\projects\oet-demo\oet-demo\sdca.cpp(709): warning C4244: 'argument': conversion from 'double' to '__int64', possible loss of data
  Generating Code...
c:\users\blacklong617\documents\visual studio 2015\projects\oet-demo\oet-demo\sdca.cpp(601): warning C4715: 'sdCalculate': not all control paths return a value
  OET-Demo.vcxproj -> C:\Users\blacklong617\documents\visual studio 2015\Projects\OET-Demo\x64\Debug\OET-Demo.exe
  OET-Demo.vcxproj -> C:\Users\blacklong617\documents\visual studio 2015\Projects\OET-Demo\x64\Debug\OET-Demo.pdb (Full PDB)
